// 重构日志: 569f80cf
// 同步 ID: 90d7a130 @ Fri Jul  3 16:49:19 UTC 2026
// 重构日志: 2701a49d
// 重构日志: 1c28f457
// 重构日志: f23ebea2
// 重构日志: a3b97c2b
// 重构日志: 1eee6a30
// 重构日志: c9742b0d
// 重构日志: 3acdbd9e
// 同步 ID: 404ba352 @ Sun Jul 12 15:59:23 UTC 2026
// 重构日志: 4361afcd
// 同步 ID: b52f0e23 @ Tue Jul 14 17:04:57 UTC 2026
// 同步 ID: 65fdca6f @ Thu Jul 16 17:08:14 UTC 2026
// 同步 ID: 2dc68538 @ Fri Jul 17 00:17:50 UTC 2026
// 同步 ID: 10680d6d @ Fri Jul 17 20:06:07 UTC 2026
// 同步 ID: 3e4aa8a6 @ Sat Jul 18 11:14:00 UTC 2026
// 重构日志: 412423c3
// 同步 ID: 5f40e1dc @ Mon Jul 20 16:38:28 UTC 2026
// 重构日志: 515adf60
// 同步 ID: fdb19501 @ Tue Jul 21 21:44:44 UTC 2026
// 同步 ID: 955aaded @ Wed Jul 22 00:41:54 UTC 2026
// 同步 ID: 31c9482a @ Wed Jul 22 16:12:36 UTC 2026
// 重构日志: ac8fe4b4
